                            title                             
--------------------------------------------------------------
 Brookside
 Venice 70: Future Reloaded
 24 h Berlin - Ein Tag im Leben
 World of Death
 De Serge Gainsbourg à Gainsbarre de 1958 - 1991
 Fyllo poreias: Panepistimio sti Mytilini
 Milano 55,1. Cronaca di una settimana di passioni
 Our RoboCop Remake
 60 Seconds to Die
 Our Footloose Remake
 140
 America Undercover
 Another World
 Cort(Os)Azar
 50 Kisses
 La primavera del 2002 - L'Italia protesta, l'Italia si ferma
 The King of Ads
 Train Station
 42 One Dream Rush
 Você Decide
(20 rows)

